-27,0
-26.95,0
-26.9001,0
-26.8504,4.05335e-41
-26.8007,-7.56256e-39
-26.7512,-6.05669e-39
-26.7017,-5.5372e-39
-26.6524,-5.99263e-39
-26.6031,-7.3742e-39
-26.554,-9.57625e-39
-26.5051,-1.24306e-38
-26.4562,-1.61449e-38
-26.4074,-3.55078e-38
-26.3588,-5.17673e-38
-26.3103,-3.58562e-38
-26.2619,-2.63426e-38
-26.2136,8.45008e-39
-26.1654,3.21803e-38
-26.1173,7.77596e-38
-26.0693,1.09972e-37
-26.0213,1.31641e-37
-25.9734,1.45636e-37
-25.9256,1.84129e-37
-25.8779,1.50442e-37
-25.8302,1.83614e-37
-25.7826,2.0832e-37
-25.735,2.27736e-37
-25.6874,1.82398e-37
-25.6399,2.07881e-37
-25.5925,2.27487e-37
-25.545,2.42801e-37
-25.4976,2.54935e-37
-25.4502,2.62864e-37
-25.4028,2.66041e-37
-25.3555,2.64708e-37
-25.3082,1.39947e-37
-25.2608,1.6288e-37
-25.2135,1.75637e-37
-25.1662,1.82156e-37
-25.1189,6.80164e-38
-25.0717,-1.45648e-38
-25.0244,-3.16306e-37
-24.9771,-5.44495e-37
-24.9298,-4.79033e-37
-24.8826,-4.30839e-37
-24.8353,-6.34234e-37
-24.788,-7.8037e-37
-24.7407,-8.85675e-37
-24.6935,-9.69525e-37
-24.6462,-1.04989e-36
-24.5989,-1.12778e-36
-24.5516,-1.20462e-36
-24.5043,-8.04465e-37
-24.457,-5.32048e-37
-24.4097,-3.59129e-37
-24.3624,-7.54093e-37
-24.315,-1.09472e-36
-24.2677,-1.40384e-36
-24.2204,-7.28943e-37
-24.173,6.86877e-37
-24.1257,7.37498e-37
-24.0783,7.31423e-37
-24.0309,6.82487e-37
-23.9835,5.8915e-37
-23.9361,4.35588e-37
-23.8887,2.3456e-37
-23.8413,-3.95973e-38
-23.7939,-3.86356e-37
-23.7465,-8.37063e-37
-23.699,-1.40713e-36
-23.6516,-2.09955e-36
-23.6041,-2.90025e-36
-23.5566,-5.69453e-36
-23.5091,-6.12847e-36
-23.4616,-2.82441e-36
-23.4141,3.29328e-36
-23.3666,3.82981e-36
-23.3191,4.02395e-36
-23.2716,7.80739e-36
-23.224,1.04163e-35
-23.1765,1.59973e-35
-23.1289,2.38831e-35
-23.0813,3.35006e-35
-23.0337,4.0451e-35
-22.9861,4.54209e-35
-22.9385,4.89253e-35
-22.8909,5.91798e-35
-22.8432,6.70774e-35
-22.7956,7.32505e-35
-22.748,8.58884e-35
-22.7003,9.56094e-35
-22.6526,8.74385e-35
-22.6049,8.09544e-35
-22.5572,7.55521e-35
-22.5095,5.54564e-35
-22.4618,5.51569e-35
-22.4141,5.40243e-35
-22.3664,5.2294e-35
-22.3186,3.46123e-35
-22.2709,1.98046e-35
-22.2231,6.25235e-36
-22.1753,-6.93277e-36
-22.1276,1.03453e-35
-22.0798,1.93727e-35
-22.032,2.19648e-35
-21.9842,5.03193e-35
-21.9363,6.70125e-35
-21.8885,4.38773e-35
-21.8407,-4.02257e-35
-21.7928,-1.08663e-34
-21.745,-1.02978e-34
-21.6971,-1.6458e-34
-21.6492,-2.15073e-34
-21.6013,-2.56535e-34
-21.5534,-2.89445e-34
-21.5055,-3.7626e-34
-21.4576,-4.3909e-34
-21.4097,-4.8211e-34
-21.3618,-5.08546e-34
-21.3138,-5.21131e-34
-21.2659,-6.44125e-34
-21.2179,-7.24299e-34
-21.17,-7.70719e-34
-21.122,-9.14005e-34
-21.074,-1.00726e-33
-21.026,-1.30685e-33
-20.978,-1.51382e-33
-20.93,-1.65069e-33
-20.882,-1.48765e-33
-20.834,-1.0987e-33
-20.786,-5.38634e-34
-20.7379,-3.33552e-34
-20.6899,-3.87934e-34
-20.6418,-3.85913e-34
-20.5938,-3.4331e-34
-20.5457,-2.64018e-34
-20.4976,-6.5229e-34
-20.4496,-9.0975e-34
-20.4015,-1.07839e-33
-20.3534,-1.67244e-33
-20.3053,-1.60107e-33
-20.2572,-2.01962e-33
-20.209,-2.30417e-33
-20.1609,-2.49173e-33
-20.1128,-2.61164e-33
-20.0646,-1.69236e-33
-20.0165,-9.88452e-34
-19.9683,-1.42698e-33
-19.9202,-7.47146e-34
-19.872,-2.05902e-34
-19.8238,1.22429e-33
-19.7757,2.34625e-33
-19.7275,3.2676e-33
-19.6793,6.00146e-33
-19.6311,6.14588e-33
-19.5829,4.33049e-33
-19.5346,1.04335e-33
-19.4864,-1.37803e-33
-19.4382,-3.15678e-33
-19.39,-4.50083e-33
-19.3417,-5.59604e-33
-19.2935,-6.50036e-33
-19.2452,-1.11596e-32
-19.1969,-1.47266e-32
-19.1487,-2.13597e-32
-19.1004,-2.22888e-32
-19.0521,-2.27976e-32
-19.0038,-2.28272e-32
-18.9556,-2.24552e-32
-18.9073,-2.17968e-32
-18.8589,-2.08499e-32
-18.8106,-1.9713e-32
-18.7623,-2.63417e-32
-18.714,-2.30197e-32
-18.6657,-2.80384e-32
-18.6173,-2.37263e-32
-18.569,-4.52071e-33
-18.5207,9.94005e-33
-18.4723,4.90501e-33
-18.424,1.68342e-32
-18.3756,2.57196e-32
-18.3272,3.24034e-32
-18.2789,2.17326e-32
-18.2305,1.37581e-32
-18.1821,-2.39738e-32
-18.1337,-5.28851e-32
-18.0853,-4.39617e-32
-18.0369,-6.99791e-32
-17.9885,-1.21728e-31
-17.9401,-1.60895e-31
-17.8917,-1.59616e-31
-17.8433,-1.59922e-31
-17.7948,-1.30114e-31
-17.7464,-1.09561e-31
-17.698,-9.63498e-32
-17.6495,-8.92775e-32
-17.6011,-2.28697e-32
-17.5526,-3.74591e-32
-17.5042,1.39327e-32
-17.4557,1.15285e-31
-17.4073,1.91575e-31
-17.3588,2.49928e-31
-17.3103,2.9546e-31
-17.2618,3.31408e-31
-17.2133,4.85986e-31
-17.1649,4.76926e-31
-17.1164,5.97354e-31
-17.0679,6.87884e-31
-17.0194,8.80932e-31
-16.9708,7.71567e-31
-16.9223,6.8759e-31
-16.8738,6.24455e-31
-16.8253,5.78612e-31
-16.7768,5.42416e-31
-16.7282,5.11848e-31
-16.6797,4.84291e-31
-16.6312,4.54153e-31
-16.5826,6.70988e-31
-16.5341,8.22129e-31
-16.4855,4.18444e-31
-16.437,-4.01704e-31
-16.3884,-5.23131e-31
-16.3398,-1.12466e-30
-16.2913,-1.58031e-30
-16.2427,-1.92923e-30
-16.1941,-2.20055e-30
-16.1455,-2.41493e-30
-16.0969,-2.57837e-30
-16.0484,-2.70511e-30
-15.9998,-2.80456e-30
-15.9512,-1.8769e-30
-15.9026,-1.60994e-31
-15.8539,1.14791e-30
-15.8053,2.15773e-30
-15.7567,4.96761e-30
-15.7081,7.11256e-30
-15.6595,8.78424e-30
-15.6108,1.01147e-29
-15.5622,9.18056e-30
-15.5136,8.60797e-30
-15.4649,1.03584e-29
-15.4163,1.18531e-29
-15.3677,1.3179e-29
-15.319,1.4393e-29
-15.2704,1.55276e-29
-15.2217,1.66164e-29
-15.173,1.76927e-29
-15.1244,2.2764e-29
-15.0757,3.07391e-29
-15.027,4.08459e-29
-14.9784,4.84135e-29
-14.9297,5.40709e-29
-14.881,5.83709e-29
-14.8323,6.98052e-29
-14.7836,7.05252e-29
-14.7349,7.94553e-29
-14.6862,8.65189e-29
-14.6375,1.00442e-28
-14.5888,1.11471e-28
-14.5401,1.2052e-28
-14.4914,1.2828e-28
-14.4427,1.35237e-28
-14.394,1.25483e-28
-14.3452,1.19392e-28
-14.2965,9.96178e-29
-14.2478,6.95599e-29
-14.1991,4.785e-29
-14.1503,3.27237e-29
-14.1016,2.31011e-29
-14.0528,1.80462e-29
-14.0041,1.68008e-29
-13.9553,1.87908e-29
-13.9066,-8.76623e-30
-13.8578,5.95789e-30
-13.8091,2.01572e-29
-13.7603,3.4662e-29
-13.7116,5.03464e-29
-13.6628,6.74588e-29
-13.614,8.61507e-29
-13.5653,1.70413e-28
-13.5165,1.74757e-28
-13.4677,1.83852e-28
-13.4189,1.95891e-28
-13.3701,2.0886e-28
-13.3213,2.22525e-28
-13.2725,1.07491e-28
-13.2238,-1.02479e-28
-13.175,-2.53453e-28
-13.1262,-3.60913e-28
-13.0773,-4.35977e-28
-13.0285,-6.14386e-28
-12.9797,-7.38219e-28
-12.9309,-8.17561e-28
-12.8821,-8.60982e-28
-12.8333,-8.75932e-28
-12.7845,-1.12402e-27
-12.7356,-1.548e-27
-12.6868,-1.84723e-27
-12.638,-2.31061e-27
-12.5892,-2.64191e-27
-12.5403,-3.13534e-27
-12.4915,-3.49469e-27
-12.4426,-3.75525e-27
-12.3938,-4.45926e-27
-12.3449,-4.98063e-27
-12.2961,-4.85887e-27
-12.2472,-4.77758e-27
-12.1984,-5.24605e-27
-12.1495,-5.61191e-27
-12.1007,-5.90229e-27
-12.0518,-6.13361e-27
-12.0029,-5.30345e-27
-11.9541,-4.7265e-27
-11.9052,-4.35225e-27
-11.8563,-4.1223e-27
-11.8075,-3.99577e-27
-11.7586,-3.93086e-27
-11.7097,-3.90767e-27
-11.6608,-3.91235e-27
-11.6119,-5.98197e-27
-11.563,-7.48036e-27
-11.5141,-8.47911e-27
-11.4653,-9.02799e-27
-11.4164,-7.14106e-27
-11.3675,-3.42848e-27
-11.3186,-4.54629e-27
-11.2697,-5.14648e-27
-11.2207,-5.30016e-27
-11.1718,-9.20029e-27
-11.1229,-1.16763e-26
-11.074,-1.30402e-26
-11.0251,-1.76724e-26
-10.9762,-1.64423e-26
-10.9273,-1.49121e-26
-10.8783,-1.31274e-26
-10.8294,-1.11047e-26
-10.7805,-8.95885e-27
-10.7316,-6.86439e-27
-10.6826,-4.9456e-27
-10.6337,-1.15377e-26
-10.5847,-1.63696e-26
-10.5358,-2.84868e-26
-10.4869,-3.80301e-26
-10.4379,-4.56018e-26
-10.389,-6.8278e-26
-10.34,-8.55821e-26
-10.2911,-8.21442e-26
-10.2421,-6.32023e-26
-10.1932,-4.91269e-26
-10.1442,-5.48422e-26
-10.0952,-5.85643e-26
-10.0463,-2.73913e-26
-9.99732,-2.79189e-27
-9.94836,1.68337e-26
-9.89939,6.56713e-26
-9.85042,1.03179e-25
-9.80144,1.32614e-25
-9.75247,1.9026e-25
-9.70349,2.36083e-25
-9.65451,3.39136e-25
-9.60553,4.85139e-25
-9.55655,5.30433e-25
-9.50756,5.0022e-25
-9.45857,4.79457e-25
-9.40958,5.32545e-25
-9.36059,5.75094e-25
-9.3116,6.10001e-25
-9.2626,6.40915e-25
-9.2136,5.39311e-25
-9.1646,4.73083e-25
-9.1156,5.65444e-25
-9.0666,5.10446e-25
-9.01759,4.74389e-25
-8.96858,5.82856e-25
-8.91957,9.30947e-25
-8.87056,1.19601e-24
-8.82155,1.13628e-24
-8.77253,1.3609e-24
-8.72352,1.53277e-24
-8.6745,1.65917e-24
-8.62547,1.47943e-24
-8.57645,1.06277e-24
-8.52743,7.27229e-25
-8.4784,4.47591e-25
-8.42937,-3.17086e-25
-8.38034,-1.43788e-24
-8.33131,-2.2904e-24
-8.28228,-2.40741e-24
-8.23324,-3.01902e-24
-8.18421,-4.00405e-24
-8.13517,-4.20258e-24
-8.08613,-5.4032e-24
-8.03709,-6.29681e-24
-7.98805,-8.0329e-24
-7.939,-9.35085e-24
-7.88996,-1.14261e-23
-7.84091,-1.30271e-23
-7.79186,-1.32285e-23
-7.74281,-1.23931e-23
-7.69376,-1.18465e-23
-7.64471,-1.15223e-23
-7.59566,-1.13943e-23
-7.54661,-1.14401e-23
-7.49755,-1.16352e-23
-7.4485,-1.40648e-23
-7.39944,-1.39774e-23
-7.35038,-1.20314e-23
-7.30133,-1.08185e-23
-7.25227,-1.01163e-23
-7.20321,-5.56778e-24
-7.15415,-2.36753e-24
-7.10509,4.08911e-24
-7.05603,8.82027e-24
-7.00698,1.22918e-23
-6.95792,1.47588e-23
-6.90886,2.49014e-23
-6.8598,4.07785e-23
-6.81075,5.25373e-23
-6.76169,6.13442e-23
-6.71264,7.64908e-23
-6.66359,9.6415e-23
-6.61454,1.1995e-22
-6.56549,1.37512e-22
-6.51644,1.67241e-22
-6.4674,1.89146e-22
-6.41836,2.22081e-22
-6.36933,2.29499e-22
-6.3203,2.34833e-22
-6.27127,2.55473e-22
-6.22225,2.70565e-22
-6.17324,2.81703e-22
-6.12423,2.897e-22
-6.07523,2.95634e-22
-6.02623,2.99936e-22
-5.97725,3.02748e-22
-5.92828,3.0378e-22
-5.87931,3.03226e-22
-5.83036,2.67216e-22
-5.78142,2.38901e-22
-5.7325,1.83024e-22
-5.68359,1.41578e-22
-5.63471,1.12204e-22
-5.58584,9.31374e-23
-5.53699,1.51179e-22
-5.48816,1.33683e-22
-5.43936,1.29564e-22
-5.39059,1.38641e-22
-5.34185,2.26717e-22
-5.29314,4.44774e-22
-5.24447,7.63522e-22
-5.19583,1.02577e-21
-5.14725,1.11351e-21
-5.0987,1.20741e-21
-5.05022,1.17324e-21
-5.00178,1.17857e-21
-4.95341,1.07761e-21
-4.90511,1.02963e-21
-4.85688,1.2907e-21
-4.80874,1.78238e-21
-4.76068,1.90429e-21
-4.71271,2.01721e-21
-4.66485,2.39461e-21
-4.61711,2.69587e-21
-4.56948,2.93865e-21
-4.52199,3.1327e-21
-4.47465,3.27692e-21
-4.42746,3.36544e-21
-4.38044,3.3878e-21
-4.33361,3.32755e-21
-4.28698,3.15958e-21
-4.24057,2.31075e-21
-4.19439,1.41495e-21
-4.14847,3.80773e-22
-4.10282,-8.99057e-22
-4.05747,-3.6407e-21
-4.01243,-6.60313e-21
-3.96773,-1.00201e-20
-3.9234,-1.41653e-20
-3.87946,-1.93913e-20
-3.83594,-2.60825e-20
-3.79287,-3.47433e-20
-3.75028,-4.48624e-20
-3.70819,-5.84711e-20
-3.66665,-7.85286e-20
-3.62567,-1.03461e-19
-3.5853,-1.34827e-19
-3.54557,-1.77113e-19
-3.5065,-2.30469e-19
-3.46814,-2.98631e-19
-3.43051,-3.84069e-19
-3.39364,-4.95135e-19
-3.35757,-6.363e-19
-3.32232,-8.20897e-19
-3.28791,-1.06146e-18
-3.25438,-1.36256e-18
-3.22173,-1.74784e-18
-3.18999,-2.24042e-18
-3.15917,-2.8696e-18
-3.12929,-3.67337e-18
-3.10034,-4.69513e-18
-3.07233,-6.00199e-18
-3.04525,-7.66059e-18
-3.01911,-9.76462e-18
-2.99389,-1.24255e-17
-2.96957,-1.57831e-17
-2.94615,-2.0002e-17
-2.92359,-2.53009e-17
-2.90187,-3.1949e-17
-2.88097,-4.02834e-17
-2.86086,-5.07221e-17
-2.8415,-6.37603e-17
-2.82285,-8.00356e-17
-2.8049,-1.00341e-16
-2.78758,-1.25621e-16
-2.77088,-1.57105e-16
-2.75476,-1.96232e-16
-2.73916,-2.44764e-16
-2.72407,-3.04936e-16
-2.70944,-3.79494e-16
-2.69523,-4.71893e-16
-2.68142,-5.86389e-16
-2.66796,-7.28259e-16
-2.65482,-9.03947e-16
-2.64198,-1.1216e-15
-2.6294,-1.39102e-15
-2.61705,-1.72477e-15
-2.60491,-2.13805e-15
-2.59295,-2.65008e-15
-2.58115,-3.28475e-15
-2.56948,-4.07166e-15
-2.55795,-5.04775e-15
-2.54651,-6.25921e-15
-2.53517,-7.76359e-15
-2.52391,-9.63296e-15
-2.51272,-1.19574e-14
-2.5016,-1.48496e-14
-2.49055,-1.84507e-14
-2.47956,-2.29376e-14
-2.46864,-2.85326e-14
-2.45779,-3.5514e-14
-2.44702,-4.4232e-14
-2.43633,-5.51258e-14
-2.42575,-6.87482e-14
-2.41527,-8.57941e-14
-2.40492,-1.07138e-13
-2.3947,-1.33879e-13
-2.38463,-1.67402e-13
-2.37472,-2.09452e-13
-2.36499,-2.62225e-13
-2.35545,-3.28487e-13
-2.34611,-4.11726e-13
-2.33699,-5.16336e-13
-2.32809,-6.4786e-13
-2.31943,-8.13283e-13
-2.311,-1.02142e-12
-2.30283,-1.28338e-12
-2.29491,-1.61319e-12
-2.28724,-2.02854e-12
-2.27984,-2.55178e-12
-2.27269,-3.21109e-12
-2.26581,-4.04206e-12
-2.25918,-5.08965e-12
-2.25281,-6.41062e-12
-2.24669,-8.07667e-12
-2.24082,-1.01784e-11
-2.23519,-1.28302e-11
-2.22981,-1.61768e-11
-2.22465,-2.0401e-11
-2.21972,-2.57338e-11
-2.21502,-3.24673e-11
-2.21052,-4.09707e-11
-2.20623,-5.17111e-11
-2.20214,-6.52788e-11
-2.19825,-8.24204e-11
-2.19454,-1.0408e-10
-2.191,-1.31453e-10
-2.18764,-1.66048e-10
-2.18444,-2.09778e-10
-2.1814,-2.65058e-10
-2.17851,-3.34947e-10
-2.17576,-4.23314e-10
-2.17315,-5.3505e-10
-2.17067,-6.76349e-10
-2.16831,-8.55043e-10
-2.16608,-1.08104e-09
-2.16396,-1.36689e-09
-2.16195,-1.72844e-09
-2.16004,-2.18578e-09
-2.15823,-2.76429e-09
-2.15651,-3.49613e-09
-2.15488,-4.42194e-09
-2.15334,-5.59318e-09
-2.15188,-7.07495e-09
-2.1505,-8.9496e-09
-2.14918,-1.13214e-08
-2.14794,-1.43221e-08
-2.14677,-1.81187e-08
-2.14565,-2.29222e-08
-2.1446,-2.89997e-08
-2.1436,-3.66893e-08
-2.14265,-4.64186e-08
-2.14176,-5.87285e-08
-2.14091,-7.43036e-08
-2.14011,-9.40102e-08
-2.13936,-1.18944e-07
-2.13864,-1.50491e-07
-2.13796,-1.90406e-07
-2.13732,-2.40908e-07
-2.13672,-3.04804e-07
-2.13615,-3.85647e-07
-2.13561,-4.87931e-07
-2.1351,-6.17341e-07
-2.13461,-7.81069e-07
-2.13416,-9.88215e-07
-2.13373,-1.25029e-06
-2.13332,-1.58185e-06
-2.13293,-2.00133e-06
-2.13257,-2.53203e-06
-2.13223,-3.20342e-06
-2.1319,-4.0528e-06
-2.13159,-5.12734e-06
-2.1313,-6.48672e-06
-2.13103,-8.20641e-06
-2.13077,-1.03819e-05
-2.13053,-1.3134e-05
-2.1303,-1.66154e-05
-2.13008,-2.10194e-05
-2.12988,-2.65904e-05
-2.12968,-3.36376e-05
-2.1295,-4.2552e-05
-2.12932,-5.38281e-05
-2.12916,-6.80917e-05
-2.12901,-8.61338e-05
-2.12886,-0.000108955
-2.12872,-0.000137822
-2.12859,-0.000174334
-2.12847,-0.000220516
-2.12835,-0.000278929
-2.12824,-0.00035281
-2.12814,-0.000446255
-2.12804,-0.000564442
-2.12795,-0.000713919
-2.12786,-0.000902966
-2.12777,-0.00114205
-2.12769,-0.0014444
-2.12761,-0.00182674
-2.12752,-0.00231018
-2.12743,-0.00292137
-2.12733,-0.00369391
-2.12721,-0.00467006
-2.12705,-0.00590284
-2.12684,-0.00745845
-2.12654,-0.00941888
-2.12609,-0.0118846
-2.12541,-0.0149762
-2.12438,-0.0188348
-2.12284,-0.0236184
-2.12054,-0.029493
-2.11719,-0.0366177
-2.11246,-0.0451252
-2.10599,-0.0551034
-2.09746,-0.0665829
-2.08664,-0.0795367
-2.07339,-0.0938887
-2.0577,-0.109528
-2.03964,-0.126326
-2.0194,-0.144144
-1.99721,-0.162847
-1.97334,-0.182303
-1.94807,-0.202385
-1.92167,-0.222972
-1.8944,-0.243944
-1.86646,-0.265181
-1.83807,-0.28656
-1.80939,-0.307958
-1.78055,-0.329249
-1.75168,-0.350304
-1.72289,-0.370999
-1.69426,-0.391214
-1.66587,-0.410836
-1.63779,-0.429766
-1.61006,-0.447917
-1.58275,-0.465219
-1.55589,-0.481621
-1.52951,-0.497088
-1.50363,-0.511606
-1.47827,-0.525175
-1.45344,-0.537814
-1.42913,-0.549554
-1.40535,-0.560439
-1.38208,-0.570524
-1.35932,-0.579873
-1.33706,-0.588556
-1.31529,-0.596646
-1.294,-0.604221
-1.27318,-0.611361
-1.25282,-0.618143
-1.23292,-0.624647
-1.21347,-0.630948
-1.19447,-0.637119
-1.17593,-0.643231
-1.15783,-0.649348
-1.14018,-0.65553
-1.12298,-0.661834
-1.10622,-0.668309
-1.08991,-0.675
-1.07405,-0.681944
-1.05864,-0.689172
-1.04368,-0.696713
-1.02917,-0.704584
-1.01511,-0.712799
-1.0015,-0.721368
-0.988357,-0.730294
-0.975677,-0.739574
-0.963467,-0.749203
-0.951734,-0.759172
-0.940485,-0.769469
-0.929727,-0.780078
-0.919467,-0.790983
-0.909713,-0.802167
-0.90047,-0.813612
-0.891744,-0.825298
-0.88354,-0.837207
-0.875858,-0.849322
-0.8687,-0.861623
-0.862064,-0.874095
-0.855945,-0.886719
-0.850337,-0.89948
-0.845231,-0.912361
-0.840613,-0.925346
-0.836469,-0.938417
-0.832781,-0.951558
-0.829528,-0.96475
-0.826688,-0.977974
-0.824234,-0.99121
-0.822137,-1.00444
-0.820367,-1.01763
-0.81889,-1.03076
-0.817673,-1.04381
-0.816678,-1.05676
-0.81588,-1.06956
-0.815266,-1.08215
-0.814822,-1.09446
-0.814531,-1.10647
-0.814375,-1.11815
-0.814337,-1.12948
-0.814404,-1.14048
-0.81456,-1.15113
-0.814797,-1.16145
-0.815104,-1.17144
-0.815476,-1.18112
-0.815908,-1.1905
-0.816395,-1.19959
-0.816937,-1.20839
-0.817533,-1.21692
-0.818184,-1.22519
-0.818893,-1.23321
-0.819662,-1.24099
-0.820498,-1.24853
-0.821403,-1.25585
-0.822385,-1.26295
-0.823447,-1.26984
-0.824594,-1.27653
-0.825829,-1.28302
-0.827155,-1.28932
-0.828572,-1.29544
-0.83008,-1.30137
-0.831675,-1.30711
-0.833354,-1.31268
-0.83511,-1.31808
-0.836935,-1.3233
-0.838821,-1.32834
-0.840756,-1.33321
-0.842729,-1.33792
-0.844729,-1.34245
-0.846741,-1.34681
-0.848754,-1.35101
-0.850754,-1.35505
-0.852729,-1.35893
-0.854667,-1.36264
-0.856557,-1.36621
-0.858389,-1.36962
-0.860152,-1.37288
-0.86184,-1.37599
-0.863443,-1.37897
-0.864958,-1.3818
-0.866377,-1.3845
-0.867698,-1.38707
-0.868918,-1.38951
-0.870034,-1.39183
-0.871045,-1.39402
-0.871952,-1.39609
-0.872755,-1.39805
-0.873454,-1.3999
-0.874053,-1.40163
-0.874552,-1.40325
-0.874954,-1.40477
-0.875263,-1.40619
-0.875483,-1.4075
-0.875615,-1.40871
-0.875665,-1.40983
-0.875636,-1.41085
-0.875533,-1.41178
-0.875358,-1.41261
-0.875117,-1.41336
-0.874813,-1.41402
-0.87445,-1.41459
-0.874033,-1.41508
-0.873563,-1.41548
-0.873047,-1.4158
-0.872486,-1.41605
-0.871884,-1.41621
-0.871245,-1.4163
-0.870572,-1.41632
-0.869868,-1.41626
-0.869135,-1.41613
-0.868377,-1.41593
-0.867596,-1.41566
-0.866794,-1.41532
-0.865973,-1.41491
-0.865136,-1.41444
-0.864285,-1.41391
-0.863422,-1.41332
-0.862548,-1.41266
-0.861665,-1.41195
-0.860774,-1.41118
-0.859878,-1.41035
-0.858976,-1.40947
-0.85807,-1.40853
-0.857162,-1.40754
-0.856252,-1.4065
-0.855341,-1.40542
-0.85443,-1.40428
-0.85352,-1.4031
-0.852611,-1.40187
-0.851704,-1.40059
-0.850799,-1.39927
-0.849897,-1.39791
-0.848998,-1.39651
-0.848102,-1.39507
-0.84721,-1.39358
-0.846322,-1.39206
-0.845439,-1.3905
-0.844559,-1.38891
-0.843684,-1.38728
-0.842813,-1.38561
-0.841947,-1.38391
-0.841085,-1.38217
-0.840228,-1.38041
-0.839375,-1.37861
-0.838526,-1.37678
-0.837682,-1.37492
-0.836842,-1.37303
-0.836005,-1.37111
-0.835173,-1.36916
-0.834344,-1.36718
-0.833518,-1.36518
-0.832696,-1.36315
-0.831877,-1.36109
-0.831061,-1.35901
-0.830247,-1.3569
-0.829435,-1.35477
-0.828626,-1.35261
-0.827818,-1.35043
-0.827012,-1.34823
-0.826207,-1.346
-0.825404,-1.34376
-0.824601,-1.34149
-0.823798,-1.3392
-0.822995,-1.33689
-0.822192,-1.33455
-0.821389,-1.3322
-0.820585,-1.32983
-0.819779,-1.32744
-0.818972,-1.32503
-0.818163,-1.3226
-0.817352,-1.32016
-0.816539,-1.3177
-0.815722,-1.31522
-0.814902,-1.31272
-0.814079,-1.31021
-0.813252,-1.30768
-0.81242,-1.30514
-0.811584,-1.30258
-0.810743,-1.30001
-0.809896,-1.29743
-0.809044,-1.29483
-0.808185,-1.29222
-0.80732,-1.28959
-0.806448,-1.28696
-0.805569,-1.28431
-0.804682,-1.28166
-0.803787,-1.27899
-0.802883,-1.27632
-0.801971,-1.27363
-0.801049,-1.27094
-0.800118,-1.26824
-0.799177,-1.26554
-0.798226,-1.26283
-0.797264,-1.26011
-0.796291,-1.25739
-0.795306,-1.25467
-0.794309,-1.25194
-0.793301,-1.24921
-0.792279,-1.24648
-0.791245,-1.24376
-0.790197,-1.24103
-0.789136,-1.2383
-0.78806,-1.23558
-0.78697,-1.23287
-0.785866,-1.23016
-0.784746,-1.22745
-0.783612,-1.22475
-0.782461,-1.22207
-0.781295,-1.21939
-0.780112,-1.21672
-0.778913,-1.21407
-0.777697,-1.21143
-0.776464,-1.20881
-0.775213,-1.2062
-0.773945,-1.20361
-0.77266,-1.20105
-0.771356,-1.1985
-0.770034,-1.19598
-0.768694,-1.19348
-0.767335,-1.191
-0.765957,-1.18856
-0.76456,-1.18614
-0.763144,-1.18375
-0.761709,-1.1814
-0.760255,-1.17908
-0.758781,-1.17679
-0.757287,-1.17454
-0.755774,-1.17233
-0.754241,-1.17017
-0.752688,-1.16804
-0.751115,-1.16596
-0.749522,-1.16392
-0.747909,-1.16193
-0.746276,-1.16
-0.744623,-1.15811
-0.74295,-1.15627
-0.741257,-1.15449
-0.739544,-1.15277
-0.737811,-1.1511
-0.736059,-1.1495
-0.734286,-1.14795
-0.732495,-1.14648
-0.730683,-1.14506
-0.728853,-1.14372
-0.727004,-1.14244
-0.725136,-1.14123
-0.723249,-1.1401
-0.721345,-1.13905
-0.719423,-1.13807
-0.717483,-1.13717
-0.715526,-1.13635
-0.713553,-1.13561
-0.711564,-1.13496
-0.70956,-1.1344
-0.70754,-1.13392
-0.705507,-1.13354
-0.703459,-1.13325
-0.701398,-1.13305
-0.699325,-1.13296
-0.69724,-1.13296
-0.695144,-1.13306
-0.693037,-1.13327
-0.69092,-1.13359
-0.688794,-1.13401
-0.686659,-1.13455
-0.684516,-1.1352
-0.682366,-1.13596
-0.680209,-1.13685
-0.678059,-1.13783
-0.675932,-1.1389
-0.673838,-1.14003
-0.671783,-1.14121
-0.669771,-1.14242
-0.667805,-1.14368
-0.665883,-1.14496
-0.664006,-1.14627
-0.662171,-1.1476
-0.660375,-1.14895
-0.658615,-1.15031
-0.656887,-1.1517
-0.655189,-1.1531
-0.653515,-1.15453
-0.651862,-1.15597
-0.650225,-1.15744
-0.648601,-1.15893
-0.646985,-1.16044
-0.645374,-1.16199
-0.643763,-1.16357
-0.64215,-1.16518
-0.64053,-1.16684
-0.638901,-1.16853
-0.637259,-1.17028
-0.635602,-1.17209
-0.633926,-1.17395
-0.63223,-1.17588
-0.630512,-1.17788
-0.628768,-1.17996
-0.626999,-1.18213
-0.625202,-1.18439
-0.623375,-1.18674
-0.621518,-1.1892
-0.61963,-1.19177
-0.617709,-1.19445
-0.615754,-1.19726
-0.613765,-1.20019
-0.611741,-1.20326
-0.609681,-1.20647
-0.607583,-1.20982
-0.605446,-1.21333
-0.60327,-1.21698
-0.601052,-1.2208
-0.598791,-1.22477
-0.596485,-1.22891
-0.594131,-1.23322
-0.591729,-1.2377
-0.589274,-1.24235
-0.586765,-1.24718
-0.584199,-1.25219
-0.581571,-1.25738
-0.57888,-1.26274
-0.576121,-1.26829
-0.57329,-1.27401
-0.570385,-1.27992
-0.567401,-1.28601
-0.564333,-1.29227
-0.561179,-1.29872
-0.557933,-1.30534
-0.554592,-1.31213
-0.551151,-1.31909
-0.547608,-1.32622
-0.543956,-1.33351
-0.540194,-1.34096
-0.536317,-1.34855
-0.532322,-1.3563
-0.528207,-1.36418
-0.523967,-1.3722
-0.519602,-1.38033
-0.515108,-1.38858
-0.510485,-1.39694
-0.505732,-1.40539
-0.500848,-1.41392
-0.495834,-1.42252
-0.490689,-1.43117
-0.485416,-1.43987
-0.480017,-1.4486
-0.474494,-1.45733
-0.468851,-1.46607
-0.463092,-1.47479
-0.45722,-1.48347
-0.451243,-1.4921
-0.445164,-1.50065
-0.438991,-1.50912
-0.432731,-1.51748
-0.426389,-1.52572
-0.419973,-1.53381
-0.413491,-1.54174
-0.406949,-1.54948
-0.400355,-1.55704
-0.393713,-1.56437
-0.387032,-1.57148
-0.380315,-1.57833
-0.373566,-1.58493
-0.366789,-1.59124
-0.359986,-1.59727
-0.353155,-1.60299
-0.346295,-1.60839
-0.339403,-1.61346
-0.332471,-1.61818
-0.32549,-1.62256
-0.31845,-1.62658
-0.311333,-1.63022
-0.304123,-1.63349
-0.296795,-1.63637
-0.289323,-1.63886
-0.281674,-1.64094
-0.273811,-1.64262
-0.265691,-1.64388
-0.257261,-1.64472
-0.248463,-1.64513
-0.239229,-1.64512
-0.229479,-1.64466
-0.219122,-1.64376
-0.208051,-1.64242
-0.196142,-1.64063
-0.183249,-1.6384
-0.169205,-1.63572
-0.153807,-1.63261
-0.136823,-1.62909
-0.117973,-1.62517
-0.0969321,-1.62091
-0.0733146,-1.61635
-0.0466712,-1.61159
-0.0164841,-1.60674
0.017831,-1.60196
0.0569082,-1.59746
0.101396,-1.59348
0.151893,-1.59032
0.20885,-1.58829
0.272463,-1.58764
0.342566,-1.58859
0.418594,-1.59123
0.499616,-1.5955
0.584449,-1.60126
0.671817,-1.60827
0.760487,-1.61624
0.849377,-1.62489
0.937607,-1.63394
1.02451,-1.64317
1.10964,-1.65236
1.19269,-1.66138
1.27352,-1.67009
1.35208,-1.67842
1.4284,-1.68632
1.50257,-1.69376
1.57469,-1.70071
1.64491,-1.7072
1.71336,-1.71321
1.78019,-1.71878
1.84553,-1.72393
1.90952,-1.72867
1.97228,-1.73303
2.03392,-1.73704
2.09456,-1.74073
2.15427,-1.74412
2.21316,-1.74723
2.27129,-1.75008
2.32874,-1.7527
2.38558,-1.7551
2.44184,-1.7573
2.4976,-1.75932
2.55289,-1.76117
2.60775,-1.76287
2.66222,-1.76443
2.71634,-1.76586
2.77014,-1.76718
2.82363,-1.76838
2.87685,-1.76948
2.92983,-1.7705
2.98257,-1.77143
3.0351,-1.77228
3.08743,-1.77306
3.13959,-1.77378
3.19158,-1.77444
3.24342,-1.77504
3.29512,-1.77559
3.34669,-1.7761
3.39814,-1.77657
3.44948,-1.77699
3.50072,-1.77738
3.55187,-1.77774
3.60292,-1.77807
3.6539,-1.77837
3.7048,-1.77865
3.75564,-1.7789
3.80641,-1.77913
3.85712,-1.77935
3.90778,-1.77954
3.95839,-1.77972
4.00895,-1.77988
4.05947,-1.78003
4.10995,-1.78017
4.16039,-1.78029
4.2108,-1.78041
4.26118,-1.78051
4.31153,-1.78061
4.36185,-1.7807
4.41215,-1.78078
4.46243,-1.78085
4.51268,-1.78092
4.56291,-1.78098
4.61313,-1.78104
4.66333,-1.78109
4.71351,-1.78114
4.76368,-1.78118
4.81384,-1.78122
4.86398,-1.78126
4.91412,-1.78129
4.96424,-1.78132
5.01436,-1.78135
5.06446,-1.78137
5.11456,-1.7814
5.16465,-1.78142
5.21473,-1.78144
5.2648,-1.78145
5.31487,-1.78147
5.36494,-1.78148
5.415,-1.7815
5.46505,-1.78151
5.5151,-1.78152
5.56515,-1.78153
5.61519,-1.78154
5.66523,-1.78155
5.71527,-1.78156
5.7653,-1.78157
5.81533,-1.78157
5.86536,-1.78158
